2024-08-31T13:44:14.536259Z  INFO telemetry: job_telemetry_init artifact_type=installed branch=origin/a4203ea485ed948283b0e46e3f17e7a3e3882e0d ci_number=20240823.2 ci_name=CommonRuntime-Linux-prod-build-OneBranchOfficial build_time=2024-08-23 22:08:54.609146
2024-08-31T13:44:14.536634Z  INFO load_config_from_env: lifecycler::config: Resolved grpc addresses lifecycler_address=/mnt/azureml/cr/j/f6de305a9cf945d1be03857d1de92a60/.grpc/lifecycler:0 executor_address=/mnt/azureml/cr/j/f6de305a9cf945d1be03857d1de92a60/.grpc/executor:0
2024-08-31T13:44:14.536893Z  INFO load_config_from_env:load_capability_addresses_from_env{capability_endpoints_from_config={"CS_CAPABILITY": CapabilityEndpoint { name: "CS_CAPABILITY", address: "/mnt/azureml/cr/j/f6de305a9cf945d1be03857d1de92a60/.grpc/cs-capability:0", type: Service }, "HOSTTOOLS_CAPABILITY": CapabilityEndpoint { name: "HOSTTOOLS_CAPABILITY", address: "/mnt/azureml/cr/j/f6de305a9cf945d1be03857d1de92a60/.grpc/hosttools-capability:0", type: Service }, "METRICS_CAPABILITY": CapabilityEndpoint { name: "METRICS_CAPABILITY", address: "/mnt/azureml/cr/j/f6de305a9cf945d1be03857d1de92a60/.grpc/metrics-capability:0", type: Service }, "SNAPSHOT_CAPABILITY": CapabilityEndpoint { name: "SNAPSHOT_CAPABILITY", address: "/mnt/azureml/cr/j/f6de305a9cf945d1be03857d1de92a60/.grpc/snapshot-capability:0", type: Service }}}: lifecycler::config: close time.busy=173µs time.idle=26.2µs
2024-08-31T13:44:14.536925Z  INFO load_config_from_env: lifecycler::config: close time.busy=437µs time.idle=22.5µs
2024-08-31T13:44:14.536994Z  INFO run_lifecycler:run_service_and_step_through_lifecycle: lifecycler::lifecycle: distributed config is not specified, skip setting up distributed barrier
2024-08-31T13:44:14.537028Z  INFO run_lifecycler:run_service_and_step_through_lifecycle: lifecycler::lifecycle: Trying to configure lifecycler to ignore termination signals
2024-08-31T13:44:14.537051Z  INFO run_lifecycler:run_service_and_step_through_lifecycle: cr_core: Successfully configured current process to ignore termination signals
2024-08-31T13:44:14.537210Z  INFO run_lifecycler:run_service_and_step_through_lifecycle:step_through_lifecycle:connect_capabilities:connect: grpc_utils::endpoint::connect: Connecting to gRPC service endpoint=Uds("/mnt/azureml/cr/j/f6de305a9cf945d1be03857d1de92a60/.grpc/cs-capability:0") retry=FixedIntervalRetry { attempt_timeout_millis: 50, retry_delay_millis: 10, max_duration: 7200s }
2024-08-31T13:44:14.537660Z  INFO Lifecycler::run_service{distributed_state_sender=None}: lifecycler::service: serving lifecycle service address=/mnt/azureml/cr/j/f6de305a9cf945d1be03857d1de92a60/.grpc/lifecycler:0
2024-08-31T13:44:14.539319Z  INFO Lifecycler::run_service{distributed_state_sender=None}:serve_more: grpc_utils::endpoint::serve: serving gRPC service endpoint=Uds("/mnt/azureml/cr/j/f6de305a9cf945d1be03857d1de92a60/.grpc/lifecycler:0") retry=ExponentialBackoffRetry { retry_delay_secs: 2, delay_factor: 1000, num_retries: 3 }
2024-08-31T13:44:45.258600Z  INFO run_lifecycler:run_service_and_step_through_lifecycle:step_through_lifecycle:connect_capabilities:connect: grpc_utils::endpoint::connect: Successfully connected to gRPC service endpoint=Uds("/mnt/azureml/cr/j/f6de305a9cf945d1be03857d1de92a60/.grpc/cs-capability:0")
2024-08-31T13:44:45.260113Z  INFO run_lifecycler:run_service_and_step_through_lifecycle:step_through_lifecycle:connect_capabilities:connect: grpc_utils::endpoint::connect: close time.busy=283ms time.idle=30.4s
2024-08-31T13:44:45.260326Z  INFO run_lifecycler:run_service_and_step_through_lifecycle:step_through_lifecycle:connect_capabilities:connect: grpc_utils::endpoint::connect: Connecting to gRPC service endpoint=Uds("/mnt/azureml/cr/j/f6de305a9cf945d1be03857d1de92a60/.grpc/cs-capability:0") retry=FixedIntervalRetry { attempt_timeout_millis: 50, retry_delay_millis: 10, max_duration: 7200s }
2024-08-31T13:44:45.260572Z  INFO run_lifecycler:run_service_and_step_through_lifecycle:step_through_lifecycle:connect_capabilities:connect: grpc_utils::endpoint::connect: Successfully connected to gRPC service endpoint=Uds("/mnt/azureml/cr/j/f6de305a9cf945d1be03857d1de92a60/.grpc/cs-capability:0")
2024-08-31T13:44:45.260664Z  INFO run_lifecycler:run_service_and_step_through_lifecycle:step_through_lifecycle:connect_capabilities:connect: grpc_utils::endpoint::connect: close time.busy=326µs time.idle=21.2µs
2024-08-31T13:44:45.260769Z  INFO run_lifecycler:run_service_and_step_through_lifecycle:step_through_lifecycle:connect_capabilities:wait_for_service_healthy: lifecycler::health_monitor: Waiting for service to become healthy: CS_CAPABILITY service_name=CS_CAPABILITY timeout=30s
2024-08-31T13:44:45.260828Z  WARN run_lifecycler:run_service_and_step_through_lifecycle:step_through_lifecycle:connect_capabilities:wait_for_service_healthy: grpc_utils::span: failed to inject span context to grpc request
2024-08-31T13:44:45.262691Z  INFO run_lifecycler:run_service_and_step_through_lifecycle:step_through_lifecycle:connect_capabilities:wait_for_service_healthy: lifecycler::health_client: Health status for service: CS_CAPABILITY service_name=CS_CAPABILITY health_status=1
2024-08-31T13:44:45.262782Z  INFO run_lifecycler:run_service_and_step_through_lifecycle:step_through_lifecycle:connect_capabilities:wait_for_service_healthy: lifecycler::health_monitor: Service has become healthy service_name=CS_CAPABILITY
2024-08-31T13:44:45.262830Z  INFO run_lifecycler:run_service_and_step_through_lifecycle:step_through_lifecycle:connect_capabilities:wait_for_service_healthy: lifecycler::health_monitor: close time.busy=327µs time.idle=1.74ms
2024-08-31T13:44:45.262987Z  INFO run_lifecycler:run_service_and_step_through_lifecycle:step_through_lifecycle:connect_capabilities:connect: grpc_utils::endpoint::connect: Connecting to gRPC service endpoint=Uds("/mnt/azureml/cr/j/f6de305a9cf945d1be03857d1de92a60/.grpc/hosttools-capability:0") retry=FixedIntervalRetry { attempt_timeout_millis: 50, retry_delay_millis: 10, max_duration: 7200s }
2024-08-31T13:44:45.263498Z  INFO run_lifecycler:run_service_and_step_through_lifecycle:step_through_lifecycle:connect_capabilities:connect: grpc_utils::endpoint::connect: Successfully connected to gRPC service endpoint=Uds("/mnt/azureml/cr/j/f6de305a9cf945d1be03857d1de92a60/.grpc/hosttools-capability:0")
2024-08-31T13:44:45.263595Z  INFO run_lifecycler:run_service_and_step_through_lifecycle:step_through_lifecycle:connect_capabilities:connect: grpc_utils::endpoint::connect: close time.busy=282µs time.idle=331µs
2024-08-31T13:44:45.263721Z  INFO run_lifecycler:run_service_and_step_through_lifecycle:step_through_lifecycle:connect_capabilities:connect: grpc_utils::endpoint::connect: Connecting to gRPC service endpoint=Uds("/mnt/azureml/cr/j/f6de305a9cf945d1be03857d1de92a60/.grpc/hosttools-capability:0") retry=FixedIntervalRetry { attempt_timeout_millis: 50, retry_delay_millis: 10, max_duration: 7200s }
2024-08-31T13:44:45.264046Z  INFO run_lifecycler:run_service_and_step_through_lifecycle:step_through_lifecycle:connect_capabilities:connect: grpc_utils::endpoint::connect: Successfully connected to gRPC service endpoint=Uds("/mnt/azureml/cr/j/f6de305a9cf945d1be03857d1de92a60/.grpc/hosttools-capability:0")
2024-08-31T13:44:45.264085Z  INFO run_lifecycler:run_service_and_step_through_lifecycle:step_through_lifecycle:connect_capabilities:connect: grpc_utils::endpoint::connect: close time.busy=175µs time.idle=193µs
2024-08-31T13:44:45.264121Z  INFO run_lifecycler:run_service_and_step_through_lifecycle:step_through_lifecycle:connect_capabilities:wait_for_service_healthy: lifecycler::health_monitor: Waiting for service to become healthy: HOSTTOOLS_CAPABILITY service_name=HOSTTOOLS_CAPABILITY timeout=30s
2024-08-31T13:44:45.264145Z  WARN run_lifecycler:run_service_and_step_through_lifecycle:step_through_lifecycle:connect_capabilities:wait_for_service_healthy: grpc_utils::span: failed to inject span context to grpc request
2024-08-31T13:44:45.264682Z  INFO run_lifecycler:run_service_and_step_through_lifecycle:step_through_lifecycle:connect_capabilities:wait_for_service_healthy: lifecycler::health_client: Health status for service: HOSTTOOLS_CAPABILITY service_name=HOSTTOOLS_CAPABILITY health_status=1
2024-08-31T13:44:45.264715Z  INFO run_lifecycler:run_service_and_step_through_lifecycle:step_through_lifecycle:connect_capabilities:wait_for_service_healthy: lifecycler::health_monitor: Service has become healthy service_name=HOSTTOOLS_CAPABILITY
2024-08-31T13:44:45.264730Z  INFO run_lifecycler:run_service_and_step_through_lifecycle:step_through_lifecycle:connect_capabilities:wait_for_service_healthy: lifecycler::health_monitor: close time.busy=183µs time.idle=438µs
2024-08-31T13:44:45.264850Z  INFO run_lifecycler:run_service_and_step_through_lifecycle:step_through_lifecycle:connect_capabilities:connect: grpc_utils::endpoint::connect: Connecting to gRPC service endpoint=Uds("/mnt/azureml/cr/j/f6de305a9cf945d1be03857d1de92a60/.grpc/metrics-capability:0") retry=FixedIntervalRetry { attempt_timeout_millis: 50, retry_delay_millis: 10, max_duration: 7200s }
2024-08-31T13:44:45.265337Z  INFO run_lifecycler:run_service_and_step_through_lifecycle:step_through_lifecycle:connect_capabilities:connect: grpc_utils::endpoint::connect: Successfully connected to gRPC service endpoint=Uds("/mnt/azureml/cr/j/f6de305a9cf945d1be03857d1de92a60/.grpc/metrics-capability:0")
2024-08-31T13:44:45.265438Z  INFO run_lifecycler:run_service_and_step_through_lifecycle:step_through_lifecycle:connect_capabilities:connect: grpc_utils::endpoint::connect: close time.busy=240µs time.idle=353µs
2024-08-31T13:44:45.265569Z  INFO run_lifecycler:run_service_and_step_through_lifecycle:step_through_lifecycle:connect_capabilities:connect: grpc_utils::endpoint::connect: Connecting to gRPC service endpoint=Uds("/mnt/azureml/cr/j/f6de305a9cf945d1be03857d1de92a60/.grpc/metrics-capability:0") retry=FixedIntervalRetry { attempt_timeout_millis: 50, retry_delay_millis: 10, max_duration: 7200s }
2024-08-31T13:44:45.265846Z  INFO run_lifecycler:run_service_and_step_through_lifecycle:step_through_lifecycle:connect_capabilities:connect: grpc_utils::endpoint::connect: Successfully connected to gRPC service endpoint=Uds("/mnt/azureml/cr/j/f6de305a9cf945d1be03857d1de92a60/.grpc/metrics-capability:0")
2024-08-31T13:44:45.265950Z  INFO run_lifecycler:run_service_and_step_through_lifecycle:step_through_lifecycle:connect_capabilities:connect: grpc_utils::endpoint::connect: close time.busy=373µs time.idle=11.4µs
2024-08-31T13:44:45.266006Z  INFO run_lifecycler:run_service_and_step_through_lifecycle:step_through_lifecycle:connect_capabilities:wait_for_service_healthy: lifecycler::health_monitor: Waiting for service to become healthy: METRICS_CAPABILITY service_name=METRICS_CAPABILITY timeout=30s
2024-08-31T13:44:45.266084Z  WARN run_lifecycler:run_service_and_step_through_lifecycle:step_through_lifecycle:connect_capabilities:wait_for_service_healthy: grpc_utils::span: failed to inject span context to grpc request
2024-08-31T13:44:45.266571Z  INFO run_lifecycler:run_service_and_step_through_lifecycle:step_through_lifecycle:connect_capabilities:wait_for_service_healthy: lifecycler::health_client: Health status for service: METRICS_CAPABILITY service_name=METRICS_CAPABILITY health_status=1
2024-08-31T13:44:45.266637Z  INFO run_lifecycler:run_service_and_step_through_lifecycle:step_through_lifecycle:connect_capabilities:wait_for_service_healthy: lifecycler::health_monitor: Service has become healthy service_name=METRICS_CAPABILITY
2024-08-31T13:44:45.266704Z  INFO run_lifecycler:run_service_and_step_through_lifecycle:step_through_lifecycle:connect_capabilities:wait_for_service_healthy: lifecycler::health_monitor: close time.busy=316µs time.idle=386µs
2024-08-31T13:44:45.266876Z  INFO run_lifecycler:run_service_and_step_through_lifecycle:step_through_lifecycle:connect_capabilities:connect: grpc_utils::endpoint::connect: Connecting to gRPC service endpoint=Uds("/mnt/azureml/cr/j/f6de305a9cf945d1be03857d1de92a60/.grpc/snapshot-capability:0") retry=FixedIntervalRetry { attempt_timeout_millis: 50, retry_delay_millis: 10, max_duration: 7200s }
2024-08-31T13:44:45.267571Z  INFO run_lifecycler:run_service_and_step_through_lifecycle:step_through_lifecycle:connect_capabilities:connect: grpc_utils::endpoint::connect: Successfully connected to gRPC service endpoint=Uds("/mnt/azureml/cr/j/f6de305a9cf945d1be03857d1de92a60/.grpc/snapshot-capability:0")
2024-08-31T13:44:45.267656Z  INFO run_lifecycler:run_service_and_step_through_lifecycle:step_through_lifecycle:connect_capabilities:connect: grpc_utils::endpoint::connect: close time.busy=773µs time.idle=11.4µs
2024-08-31T13:44:45.267795Z  INFO run_lifecycler:run_service_and_step_through_lifecycle:step_through_lifecycle:connect_capabilities:connect: grpc_utils::endpoint::connect: Connecting to gRPC service endpoint=Uds("/mnt/azureml/cr/j/f6de305a9cf945d1be03857d1de92a60/.grpc/snapshot-capability:0") retry=FixedIntervalRetry { attempt_timeout_millis: 50, retry_delay_millis: 10, max_duration: 7200s }
2024-08-31T13:44:45.268237Z  INFO run_lifecycler:run_service_and_step_through_lifecycle:step_through_lifecycle:connect_capabilities:connect: grpc_utils::endpoint::connect: Successfully connected to gRPC service endpoint=Uds("/mnt/azureml/cr/j/f6de305a9cf945d1be03857d1de92a60/.grpc/snapshot-capability:0")
2024-08-31T13:44:45.268300Z  INFO run_lifecycler:run_service_and_step_through_lifecycle:step_through_lifecycle:connect_capabilities:connect: grpc_utils::endpoint::connect: close time.busy=456µs time.idle=53.3µs
2024-08-31T13:44:45.268362Z  INFO run_lifecycler:run_service_and_step_through_lifecycle:step_through_lifecycle:connect_capabilities:wait_for_service_healthy: lifecycler::health_monitor: Waiting for service to become healthy: SNAPSHOT_CAPABILITY service_name=SNAPSHOT_CAPABILITY timeout=30s
2024-08-31T13:44:45.268420Z  WARN run_lifecycler:run_service_and_step_through_lifecycle:step_through_lifecycle:connect_capabilities:wait_for_service_healthy: grpc_utils::span: failed to inject span context to grpc request
2024-08-31T13:44:45.268898Z  INFO run_lifecycler:run_service_and_step_through_lifecycle:step_through_lifecycle:connect_capabilities:wait_for_service_healthy: lifecycler::health_client: Health status for service: SNAPSHOT_CAPABILITY service_name=SNAPSHOT_CAPABILITY health_status=1
2024-08-31T13:44:45.268959Z  INFO run_lifecycler:run_service_and_step_through_lifecycle:step_through_lifecycle:connect_capabilities:wait_for_service_healthy: lifecycler::health_monitor: Service has become healthy service_name=SNAPSHOT_CAPABILITY
2024-08-31T13:44:45.268998Z  INFO run_lifecycler:run_service_and_step_through_lifecycle:step_through_lifecycle:connect_capabilities:wait_for_service_healthy: lifecycler::health_monitor: close time.busy=515µs time.idle=124µs
2024-08-31T13:44:45.269047Z  INFO run_lifecycler:run_service_and_step_through_lifecycle:step_through_lifecycle:connect_capabilities: lifecycler::lifecycle: close time.busy=307ms time.idle=30.4s
2024-08-31T13:44:45.269102Z  WARN grpc_utils::span: failed to inject span context to grpc request
2024-08-31T13:44:45.269140Z  WARN grpc_utils::span: failed to inject span context to grpc request
2024-08-31T13:44:45.269166Z  WARN grpc_utils::span: failed to inject span context to grpc request
2024-08-31T13:44:45.269185Z  WARN grpc_utils::span: failed to inject span context to grpc request
2024-08-31T13:44:45.269145Z  WARN run_lifecycler:run_service_and_step_through_lifecycle:step_through_lifecycle:start_capabilities:start{name="CS_CAPABILITY"}: grpc_utils::span: failed to inject span context to grpc request
2024-08-31T13:44:45.270341Z  WARN run_lifecycler:run_service_and_step_through_lifecycle:step_through_lifecycle:start_capabilities:start{name="HOSTTOOLS_CAPABILITY"}: grpc_utils::span: failed to inject span context to grpc request
2024-08-31T13:44:45.270425Z  WARN run_lifecycler:run_service_and_step_through_lifecycle:step_through_lifecycle:start_capabilities:start{name="METRICS_CAPABILITY"}: grpc_utils::span: failed to inject span context to grpc request
2024-08-31T13:44:45.270477Z  WARN run_lifecycler:run_service_and_step_through_lifecycle:step_through_lifecycle:start_capabilities:start{name="SNAPSHOT_CAPABILITY"}: grpc_utils::span: failed to inject span context to grpc request
2024-08-31T13:44:45.289858Z  INFO run_lifecycler:run_service_and_step_through_lifecycle:step_through_lifecycle:start_capabilities:start{name="HOSTTOOLS_CAPABILITY"}: lifecycler::capability_client: Received success code for start cap_name=HOSTTOOLS_CAPABILITY
2024-08-31T13:44:45.290538Z  INFO run_lifecycler:run_service_and_step_through_lifecycle:step_through_lifecycle:start_capabilities:start{name="HOSTTOOLS_CAPABILITY"}: lifecycler::capability_client: close time.busy=1.03ms time.idle=19.2ms
2024-08-31T13:44:45.291994Z  INFO run_lifecycler:run_service_and_step_through_lifecycle:step_through_lifecycle:start_capabilities:start{name="METRICS_CAPABILITY"}: lifecycler::capability_client: Received success code for start cap_name=METRICS_CAPABILITY
2024-08-31T13:44:45.295557Z  INFO run_lifecycler:run_service_and_step_through_lifecycle:step_through_lifecycle:start_capabilities:start{name="METRICS_CAPABILITY"}: lifecycler::capability_client: close time.busy=3.65ms time.idle=21.5ms
2024-08-31T13:44:45.362311Z  INFO run_lifecycler:run_service_and_step_through_lifecycle:step_through_lifecycle:start_capabilities:start{name="CS_CAPABILITY"}: lifecycler::capability_client: Received success code for start cap_name=CS_CAPABILITY
2024-08-31T13:44:45.363035Z  INFO run_lifecycler:run_service_and_step_through_lifecycle:step_through_lifecycle:start_capabilities:start{name="CS_CAPABILITY"}: lifecycler::capability_client: close time.busy=903µs time.idle=93.0ms
2024-08-31T13:44:45.640267Z  INFO run_lifecycler:run_service_and_step_through_lifecycle:step_through_lifecycle:start_capabilities:start{name="SNAPSHOT_CAPABILITY"}: lifecycler::capability_client: Received success code for start cap_name=SNAPSHOT_CAPABILITY
2024-08-31T13:44:45.640401Z  INFO run_lifecycler:run_service_and_step_through_lifecycle:step_through_lifecycle:start_capabilities:start{name="SNAPSHOT_CAPABILITY"}: lifecycler::capability_client: close time.busy=306µs time.idle=370ms
2024-08-31T13:44:45.640487Z  INFO run_lifecycler:run_service_and_step_through_lifecycle:step_through_lifecycle:start_capabilities: lifecycler::lifecycle: close time.busy=8.63ms time.idle=363ms
2024-08-31T13:44:45.640562Z  INFO run_lifecycler:run_service_and_step_through_lifecycle:step_through_lifecycle:exit_capabilities{cap_type=Operation job_result=JobResult { job_status: Succeeded, error: None }}:get_cap_type{name="CS_CAPABILITY" type=Service}: lifecycler::capability_client: close time.busy=400ns time.idle=4.40µs
2024-08-31T13:44:45.640611Z  INFO run_lifecycler:run_service_and_step_through_lifecycle:step_through_lifecycle:exit_capabilities{cap_type=Operation job_result=JobResult { job_status: Succeeded, error: None }}:get_cap_type{name="HOSTTOOLS_CAPABILITY" type=Service}: lifecycler::capability_client: close time.busy=400ns time.idle=3.10µs
2024-08-31T13:44:45.640657Z  INFO run_lifecycler:run_service_and_step_through_lifecycle:step_through_lifecycle:exit_capabilities{cap_type=Operation job_result=JobResult { job_status: Succeeded, error: None }}:get_cap_type{name="METRICS_CAPABILITY" type=Service}: lifecycler::capability_client: close time.busy=400ns time.idle=2.80µs
2024-08-31T13:44:45.640706Z  INFO run_lifecycler:run_service_and_step_through_lifecycle:step_through_lifecycle:exit_capabilities{cap_type=Operation job_result=JobResult { job_status: Succeeded, error: None }}:get_cap_type{name="SNAPSHOT_CAPABILITY" type=Service}: lifecycler::capability_client: close time.busy=400ns time.idle=2.90µs
2024-08-31T13:44:45.640748Z  INFO run_lifecycler:run_service_and_step_through_lifecycle:step_through_lifecycle:exit_capabilities{cap_type=Operation job_result=JobResult { job_status: Succeeded, error: None }}: lifecycler::lifecycle: close time.busy=197µs time.idle=9.40µs
2024-08-31T13:44:45.640794Z  INFO run_lifecycler:run_service_and_step_through_lifecycle:step_through_lifecycle: lifecycler::lifecycle: exited operation caps: true
2024-08-31T13:44:45.640979Z  INFO run_lifecycler:run_service_and_step_through_lifecycle:step_through_lifecycle:connect_executor:connect:connect: grpc_utils::endpoint::connect: Connecting to gRPC service endpoint=Uds("/mnt/azureml/cr/j/f6de305a9cf945d1be03857d1de92a60/.grpc/executor:0") retry=FixedIntervalRetry { attempt_timeout_millis: 50, retry_delay_millis: 10, max_duration: 7200s }
2024-08-31T13:45:25.290438Z  WARN grpc_utils::span: failed to inject span context to grpc request
2024-08-31T13:45:25.290506Z  WARN grpc_utils::span: failed to inject span context to grpc request
2024-08-31T13:45:25.290528Z  WARN grpc_utils::span: failed to inject span context to grpc request
2024-08-31T13:45:25.290545Z  WARN grpc_utils::span: failed to inject span context to grpc request
2024-08-31T13:46:05.293037Z  WARN grpc_utils::span: failed to inject span context to grpc request
2024-08-31T13:46:05.293128Z  WARN grpc_utils::span: failed to inject span context to grpc request
2024-08-31T13:46:05.293166Z  WARN grpc_utils::span: failed to inject span context to grpc request
2024-08-31T13:46:05.293188Z  WARN grpc_utils::span: failed to inject span context to grpc request
2024-08-31T13:46:45.297255Z  WARN grpc_utils::span: failed to inject span context to grpc request
2024-08-31T13:46:45.297325Z  WARN grpc_utils::span: failed to inject span context to grpc request
2024-08-31T13:46:45.298824Z  WARN grpc_utils::span: failed to inject span context to grpc request
2024-08-31T13:46:45.298994Z  WARN grpc_utils::span: failed to inject span context to grpc request
2024-08-31T13:47:25.300963Z  WARN grpc_utils::span: failed to inject span context to grpc request
2024-08-31T13:47:25.301048Z  WARN grpc_utils::span: failed to inject span context to grpc request
2024-08-31T13:47:25.301080Z  WARN grpc_utils::span: failed to inject span context to grpc request
2024-08-31T13:47:25.301102Z  WARN grpc_utils::span: failed to inject span context to grpc request
2024-08-31T13:47:25.303048Z  INFO lifecycler::health_client: Health status for service: METRICS_CAPABILITY service_name=METRICS_CAPABILITY health_status=1
2024-08-31T13:47:25.303162Z  INFO lifecycler::health_client: Health status for service: HOSTTOOLS_CAPABILITY service_name=HOSTTOOLS_CAPABILITY health_status=1
2024-08-31T13:47:25.303304Z  INFO lifecycler::health_client: Health status for service: SNAPSHOT_CAPABILITY service_name=SNAPSHOT_CAPABILITY health_status=1
2024-08-31T13:47:25.303349Z  INFO lifecycler::health_client: Health status for service: CS_CAPABILITY service_name=CS_CAPABILITY health_status=1
2024-08-31T13:48:05.304276Z  WARN grpc_utils::span: failed to inject span context to grpc request
2024-08-31T13:48:05.304374Z  WARN grpc_utils::span: failed to inject span context to grpc request
2024-08-31T13:48:05.304400Z  WARN grpc_utils::span: failed to inject span context to grpc request
2024-08-31T13:48:05.304421Z  WARN grpc_utils::span: failed to inject span context to grpc request
2024-08-31T13:48:45.307815Z  WARN grpc_utils::span: failed to inject span context to grpc request
2024-08-31T13:48:45.307905Z  WARN grpc_utils::span: failed to inject span context to grpc request
2024-08-31T13:48:45.307936Z  WARN grpc_utils::span: failed to inject span context to grpc request
2024-08-31T13:48:45.307955Z  WARN grpc_utils::span: failed to inject span context to grpc request
2024-08-31T13:49:25.310964Z  WARN grpc_utils::span: failed to inject span context to grpc request
2024-08-31T13:49:25.311073Z  WARN grpc_utils::span: failed to inject span context to grpc request
2024-08-31T13:49:25.311272Z  WARN grpc_utils::span: failed to inject span context to grpc request
2024-08-31T13:49:25.311439Z  WARN grpc_utils::span: failed to inject span context to grpc request
2024-08-31T13:50:05.314783Z  WARN grpc_utils::span: failed to inject span context to grpc request
2024-08-31T13:50:05.314849Z  WARN grpc_utils::span: failed to inject span context to grpc request
2024-08-31T13:50:05.315023Z  WARN grpc_utils::span: failed to inject span context to grpc request
2024-08-31T13:50:05.315729Z  WARN grpc_utils::span: failed to inject span context to grpc request
2024-08-31T13:50:05.316606Z  INFO lifecycler::health_client: Health status for service: HOSTTOOLS_CAPABILITY service_name=HOSTTOOLS_CAPABILITY health_status=1
2024-08-31T13:50:05.316774Z  INFO lifecycler::health_client: Health status for service: METRICS_CAPABILITY service_name=METRICS_CAPABILITY health_status=1
2024-08-31T13:50:05.316870Z  INFO lifecycler::health_client: Health status for service: SNAPSHOT_CAPABILITY service_name=SNAPSHOT_CAPABILITY health_status=1
2024-08-31T13:50:05.316903Z  INFO lifecycler::health_client: Health status for service: CS_CAPABILITY service_name=CS_CAPABILITY health_status=1
2024-08-31T13:50:45.318076Z  WARN grpc_utils::span: failed to inject span context to grpc request
2024-08-31T13:50:45.318176Z  WARN grpc_utils::span: failed to inject span context to grpc request
2024-08-31T13:50:45.319733Z  WARN grpc_utils::span: failed to inject span context to grpc request
2024-08-31T13:50:45.320323Z  WARN grpc_utils::span: failed to inject span context to grpc request
2024-08-31T13:51:25.322170Z  WARN grpc_utils::span: failed to inject span context to grpc request
2024-08-31T13:51:25.322240Z  WARN grpc_utils::span: failed to inject span context to grpc request
2024-08-31T13:51:25.322267Z  WARN grpc_utils::span: failed to inject span context to grpc request
2024-08-31T13:51:25.322352Z  WARN grpc_utils::span: failed to inject span context to grpc request
2024-08-31T13:51:31.734689Z  INFO run_lifecycler:run_service_and_step_through_lifecycle:step_through_lifecycle:connect_executor:connect:connect: grpc_utils::endpoint::connect: Successfully connected to gRPC service endpoint=Uds("/mnt/azureml/cr/j/f6de305a9cf945d1be03857d1de92a60/.grpc/executor:0")
2024-08-31T13:51:31.734812Z  INFO run_lifecycler:run_service_and_step_through_lifecycle:step_through_lifecycle:connect_executor:connect:connect: grpc_utils::endpoint::connect: close time.busy=3.73s time.idle=402s
2024-08-31T13:51:31.734852Z  INFO run_lifecycler:run_service_and_step_through_lifecycle:step_through_lifecycle:connect_executor:connect: lifecycler::executor_client: close time.busy=3.86s time.idle=402s
2024-08-31T13:51:31.735033Z  INFO run_lifecycler:run_service_and_step_through_lifecycle:step_through_lifecycle:connect_executor:connect:connect: grpc_utils::endpoint::connect: Connecting to gRPC service endpoint=Uds("/mnt/azureml/cr/j/f6de305a9cf945d1be03857d1de92a60/.grpc/executor:0") retry=FixedIntervalRetry { attempt_timeout_millis: 50, retry_delay_millis: 10, max_duration: 7200s }
2024-08-31T13:51:31.735321Z  INFO run_lifecycler:run_service_and_step_through_lifecycle:step_through_lifecycle:connect_executor:connect:connect: grpc_utils::endpoint::connect: Successfully connected to gRPC service endpoint=Uds("/mnt/azureml/cr/j/f6de305a9cf945d1be03857d1de92a60/.grpc/executor:0")
2024-08-31T13:51:31.735369Z  INFO run_lifecycler:run_service_and_step_through_lifecycle:step_through_lifecycle:connect_executor:connect:connect: grpc_utils::endpoint::connect: close time.busy=336µs time.idle=3.00µs
2024-08-31T13:51:31.735405Z  INFO run_lifecycler:run_service_and_step_through_lifecycle:step_through_lifecycle:connect_executor:connect: lifecycler::executor_client: close time.busy=516µs time.idle=18.2µs
2024-08-31T13:51:31.735567Z  INFO run_lifecycler:run_service_and_step_through_lifecycle:step_through_lifecycle:connect_executor:connect: grpc_utils::endpoint::connect: Connecting to gRPC service endpoint=Uds("/mnt/azureml/cr/j/f6de305a9cf945d1be03857d1de92a60/.grpc/executor:0") retry=FixedIntervalRetry { attempt_timeout_millis: 50, retry_delay_millis: 10, max_duration: 7200s }
2024-08-31T13:51:31.735787Z  INFO run_lifecycler:run_service_and_step_through_lifecycle:step_through_lifecycle:connect_executor:connect: grpc_utils::endpoint::connect: Successfully connected to gRPC service endpoint=Uds("/mnt/azureml/cr/j/f6de305a9cf945d1be03857d1de92a60/.grpc/executor:0")
2024-08-31T13:51:31.735832Z  INFO run_lifecycler:run_service_and_step_through_lifecycle:step_through_lifecycle:connect_executor:connect: grpc_utils::endpoint::connect: close time.busy=264µs time.idle=4.40µs
2024-08-31T13:51:31.735872Z  INFO run_lifecycler:run_service_and_step_through_lifecycle:step_through_lifecycle:connect_executor:wait_for_service_healthy: lifecycler::health_monitor: Waiting for service to become healthy: Executor service_name=Executor timeout=30s
2024-08-31T13:51:31.735913Z  WARN run_lifecycler:run_service_and_step_through_lifecycle:step_through_lifecycle:connect_executor:wait_for_service_healthy: grpc_utils::span: failed to inject span context to grpc request
2024-08-31T13:51:31.739462Z  INFO run_lifecycler:run_service_and_step_through_lifecycle:step_through_lifecycle:connect_executor:wait_for_service_healthy: lifecycler::health_client: Health status for service: Executor service_name=Executor health_status=1
2024-08-31T13:51:31.739519Z  INFO run_lifecycler:run_service_and_step_through_lifecycle:step_through_lifecycle:connect_executor:wait_for_service_healthy: lifecycler::health_monitor: Service has become healthy service_name=Executor
2024-08-31T13:51:31.739545Z  INFO run_lifecycler:run_service_and_step_through_lifecycle:step_through_lifecycle:connect_executor:wait_for_service_healthy: lifecycler::health_monitor: close time.busy=293µs time.idle=3.38ms
2024-08-31T13:51:31.739587Z  INFO run_lifecycler:run_service_and_step_through_lifecycle:step_through_lifecycle:connect_executor: lifecycler::lifecycle: close time.busy=4.02s time.idle=402s
2024-08-31T13:51:31.739630Z  INFO run_lifecycler:run_service_and_step_through_lifecycle:step_through_lifecycle:connect_lifecyclers{lifecycler_addresses=None}: lifecycler::lifecycle: close time.busy=2.80µs time.idle=7.20µs
2024-08-31T13:51:31.739690Z  INFO run_lifecycler:run_service_and_step_through_lifecycle:step_through_lifecycle:execute: lifecycler::lifecycle: entering phase rank=None phase=0 is_leader=true entered_phases=false
2024-08-31T13:51:31.739728Z  INFO run_lifecycler:run_service_and_step_through_lifecycle:step_through_lifecycle:execute:barrier_sync: lifecycler::lifecycle: close time.busy=1.30µs time.idle=2.40µs
2024-08-31T13:51:31.740602Z  INFO run_lifecycler:run_service_and_step_through_lifecycle:step_through_lifecycle:execute: lifecycler::lifecycle: Successfully got AzureML Context from environment, updating Run History with new run attempt
2024-08-31T13:51:31.740643Z  WARN run_lifecycler:run_service_and_step_through_lifecycle:step_through_lifecycle:execute: lifecycler::lifecycle: Skip updating run_attempt since cannot find AZUREML_CR_ENABLE_RUN_ATTEMPT_COUNT_BY_RUN_HISTORY from environment
2024-08-31T13:51:31.740681Z  INFO run_lifecycler:run_service_and_step_through_lifecycle:step_through_lifecycle:execute: lifecycler::lifecycle: starting phase execution rank=None phase=0
2024-08-31T13:51:31.740702Z  INFO run_lifecycler:run_service_and_step_through_lifecycle:step_through_lifecycle:execute: lifecycler::lifecycle: executing phase commands rank=None phase=0
2024-08-31T13:51:31.740745Z  INFO run_lifecycler:run_service_and_step_through_lifecycle:step_through_lifecycle:execute:executor_client::execute_commands{lifecycle_address="/mnt/azureml/cr/j/f6de305a9cf945d1be03857d1de92a60/.grpc/lifecycler:0" scheduling=None debug_mode=Some(false)}: lifecycler::executor_client: Executing commands
2024-08-31T13:51:31.740802Z  WARN run_lifecycler:run_service_and_step_through_lifecycle:step_through_lifecycle:execute:executor_client::execute_commands{lifecycle_address="/mnt/azureml/cr/j/f6de305a9cf945d1be03857d1de92a60/.grpc/lifecycler:0" scheduling=None debug_mode=Some(false)}:executor_client::start_execution{lifecycler_address="/mnt/azureml/cr/j/f6de305a9cf945d1be03857d1de92a60/.grpc/lifecycler:0" debug_mode=Some(false) commands_f=Command(Command { executable: Shell { path: None, command: "python prediction_values.py", success_return_code: Zero { additional_codes: [] } }, stderr: None, stdout: Some("user_logs/std_log.txt") }) path_mappings_f={}}: grpc_utils::span: failed to inject span context to grpc request
2024-08-31T13:51:31.740816Z  INFO run_lifecycler:run_service_and_step_through_lifecycle:step_through_lifecycle:execute:executor_client::execute_commands{lifecycle_address="/mnt/azureml/cr/j/f6de305a9cf945d1be03857d1de92a60/.grpc/lifecycler:0" scheduling=None debug_mode=Some(false)}:executor_client::start_execution{lifecycler_address="/mnt/azureml/cr/j/f6de305a9cf945d1be03857d1de92a60/.grpc/lifecycler:0" debug_mode=Some(false) commands_f=Command(Command { executable: Shell { path: None, command: "python prediction_values.py", success_return_code: Zero { additional_codes: [] } }, stderr: None, stdout: Some("user_logs/std_log.txt") }) path_mappings_f={}}: lifecycler::executor_client: Starting execution execution_id=db59e500-38e5-481d-b285-e6f14c23e19b lifecycler_address=/mnt/azureml/cr/j/f6de305a9cf945d1be03857d1de92a60/.grpc/lifecycler:0
2024-08-31T13:51:31.763815Z  INFO run_lifecycler:run_service_and_step_through_lifecycle:step_through_lifecycle:execute:executor_client::execute_commands{lifecycle_address="/mnt/azureml/cr/j/f6de305a9cf945d1be03857d1de92a60/.grpc/lifecycler:0" scheduling=None debug_mode=Some(false)}:executor_client::start_execution{lifecycler_address="/mnt/azureml/cr/j/f6de305a9cf945d1be03857d1de92a60/.grpc/lifecycler:0" debug_mode=Some(false) commands_f=Command(Command { executable: Shell { path: None, command: "python prediction_values.py", success_return_code: Zero { additional_codes: [] } }, stderr: None, stdout: Some("user_logs/std_log.txt") }) path_mappings_f={}}: lifecycler::executor_client: close time.busy=301µs time.idle=22.7ms
2024-08-31T13:51:31.764185Z  INFO run_lifecycler:run_service_and_step_through_lifecycle:step_through_lifecycle:execute:executor_client::execute_commands{lifecycle_address="/mnt/azureml/cr/j/f6de305a9cf945d1be03857d1de92a60/.grpc/lifecycler:0" scheduling=None debug_mode=Some(false)}: lifecycler::executor_client: Waiting for execution completion execution_id="db59e500-38e5-481d-b285-e6f14c23e19b"
2024-08-31T13:52:05.324703Z  WARN grpc_utils::span: failed to inject span context to grpc request
2024-08-31T13:52:05.324863Z  WARN grpc_utils::span: failed to inject span context to grpc request
2024-08-31T13:52:05.324925Z  WARN grpc_utils::span: failed to inject span context to grpc request
2024-08-31T13:52:05.324974Z  WARN grpc_utils::span: failed to inject span context to grpc request
2024-08-31T13:52:05.325019Z  WARN grpc_utils::span: failed to inject span context to grpc request
2024-08-31T13:52:38.867480Z  INFO ExecutionCallbackServicer::complete_execution: grpc_utils::server: Got grpc request request_name="complete_execution" remote_addr=None
2024-08-31T13:52:38.867603Z  INFO ExecutionCallbackServicer::complete_execution: lifecycler::service: close time.busy=133µs time.idle=21.1µs
2024-08-31T13:52:38.872324Z  INFO run_lifecycler:run_service_and_step_through_lifecycle:step_through_lifecycle:execute:executor_client::execute_commands{lifecycle_address="/mnt/azureml/cr/j/f6de305a9cf945d1be03857d1de92a60/.grpc/lifecycler:0" scheduling=None debug_mode=Some(false)}:executor_client::wait_for_execution_completion{execution_id="db59e500-38e5-481d-b285-e6f14c23e19b"}: lifecycler::executor_client: close time.busy=11.0µs time.idle=67.1s
2024-08-31T13:52:38.872417Z  INFO run_lifecycler:run_service_and_step_through_lifecycle:step_through_lifecycle:execute:executor_client::execute_commands{lifecycle_address="/mnt/azureml/cr/j/f6de305a9cf945d1be03857d1de92a60/.grpc/lifecycler:0" scheduling=None debug_mode=Some(false)}: lifecycler::executor_client: Execution completed execution_id="db59e500-38e5-481d-b285-e6f14c23e19b"
2024-08-31T13:52:38.872466Z  INFO run_lifecycler:run_service_and_step_through_lifecycle:step_through_lifecycle:execute:executor_client::execute_commands{lifecycle_address="/mnt/azureml/cr/j/f6de305a9cf945d1be03857d1de92a60/.grpc/lifecycler:0" scheduling=None debug_mode=Some(false)}: lifecycler::executor_client: close time.busy=1.24ms time.idle=67.1s
2024-08-31T13:52:38.872480Z  INFO run_lifecycler:run_service_and_step_through_lifecycle:step_through_lifecycle:execute: lifecycler::lifecycle: phase execution completed. rank=None phase=0
2024-08-31T13:52:38.872621Z  INFO run_lifecycler:run_service_and_step_through_lifecycle:step_through_lifecycle:execute: lifecycler::lifecycle: close time.busy=2.47ms time.idle=67.1s
2024-08-31T13:52:38.872659Z  INFO run_lifecycler:run_service_and_step_through_lifecycle:step_through_lifecycle:end_service_capabilities:get_cap_type{name="CS_CAPABILITY" type=Service}: lifecycler::capability_client: close time.busy=400ns time.idle=4.20µs
2024-08-31T13:52:38.872779Z  INFO run_lifecycler:run_service_and_step_through_lifecycle:step_through_lifecycle:end_service_capabilities:get_cap_type{name="HOSTTOOLS_CAPABILITY" type=Service}: lifecycler::capability_client: close time.busy=1.80µs time.idle=16.0µs
2024-08-31T13:52:38.872855Z  INFO run_lifecycler:run_service_and_step_through_lifecycle:step_through_lifecycle:end_service_capabilities:get_cap_type{name="METRICS_CAPABILITY" type=Service}: lifecycler::capability_client: close time.busy=400ns time.idle=5.60µs
2024-08-31T13:52:38.872884Z  INFO run_lifecycler:run_service_and_step_through_lifecycle:step_through_lifecycle:end_service_capabilities:get_cap_type{name="SNAPSHOT_CAPABILITY" type=Service}: lifecycler::capability_client: close time.busy=300ns time.idle=3.60µs
2024-08-31T13:52:38.872914Z  WARN run_lifecycler:run_service_and_step_through_lifecycle:step_through_lifecycle:end_service_capabilities:end{name="CS_CAPABILITY"}: grpc_utils::span: failed to inject span context to grpc request
2024-08-31T13:52:38.872974Z  WARN run_lifecycler:run_service_and_step_through_lifecycle:step_through_lifecycle:end_service_capabilities:end{name="HOSTTOOLS_CAPABILITY"}: grpc_utils::span: failed to inject span context to grpc request
2024-08-31T13:52:38.873004Z  WARN run_lifecycler:run_service_and_step_through_lifecycle:step_through_lifecycle:end_service_capabilities:end{name="METRICS_CAPABILITY"}: grpc_utils::span: failed to inject span context to grpc request
2024-08-31T13:52:38.873036Z  WARN run_lifecycler:run_service_and_step_through_lifecycle:step_through_lifecycle:end_service_capabilities:end{name="SNAPSHOT_CAPABILITY"}: grpc_utils::span: failed to inject span context to grpc request
2024-08-31T13:52:38.878195Z  INFO run_lifecycler:run_service_and_step_through_lifecycle:step_through_lifecycle:end_service_capabilities:end{name="METRICS_CAPABILITY"}: lifecycler::capability_client: Received success code for end cap_name=METRICS_CAPABILITY
2024-08-31T13:52:38.878265Z  INFO run_lifecycler:run_service_and_step_through_lifecycle:step_through_lifecycle:end_service_capabilities:end{name="METRICS_CAPABILITY"}: lifecycler::capability_client: close time.busy=158µs time.idle=5.11ms
2024-08-31T13:52:38.878295Z  INFO run_lifecycler:run_service_and_step_through_lifecycle:step_through_lifecycle:end_service_capabilities:end{name="SNAPSHOT_CAPABILITY"}: lifecycler::capability_client: Received success code for end cap_name=SNAPSHOT_CAPABILITY
2024-08-31T13:52:38.878317Z  INFO run_lifecycler:run_service_and_step_through_lifecycle:step_through_lifecycle:end_service_capabilities:end{name="SNAPSHOT_CAPABILITY"}: lifecycler::capability_client: close time.busy=63.8µs time.idle=5.22ms
